TN:
SF:src/config/database.ts
FN:18,(anonymous_1)
FN:22,(anonymous_2)
FN:27,(anonymous_3)
FNF:3
FNH:0
FNDA:0,(anonymous_1)
FNDA:0,(anonymous_2)
FNDA:0,(anonymous_3)
DA:1,0
DA:2,0
DA:4,0
DA:6,0
DA:18,0
DA:19,0
DA:22,0
DA:23,0
DA:24,0
DA:27,0
DA:28,0
DA:29,0
DA:30,0
DA:31,0
DA:32,0
LF:15
LH:0
BRDA:7,0,0,0
BRDA:7,0,1,0
BRDA:8,1,0,0
BRDA:8,1,1,0
BRDA:9,2,0,0
BRDA:9,2,1,0
BRDA:10,3,0,0
BRDA:10,3,1,0
BRDA:11,4,0,0
BRDA:11,4,1,0
BRF:10
BRH:0
end_of_record
TN:
SF:src/config/gameConfig.ts
FN:512,calculateBuildingCost
FN:530,calculateBuildingTime
FN:552,calculateResourceProduction
FN:565,calculateResearchCost
FN:583,calculateStorageCapacity
FNF:5
FNH:0
FNDA:0,calculateBuildingCost
FNDA:0,calculateBuildingTime
FNDA:0,calculateResourceProduction
FNDA:0,calculateResearchCost
FNDA:0,calculateStorageCapacity
DA:45,0
DA:143,0
DA:298,0
DA:382,0
DA:512,0
DA:516,0
DA:517,0
DA:519,0
DA:520,0
DA:530,0
DA:536,0
DA:537,0
DA:539,0
DA:540,0
DA:542,0
DA:545,0
DA:546,0
DA:549,0
DA:552,0
DA:557,0
DA:558,0
DA:561,0
DA:562,0
DA:565,0
DA:569,0
DA:570,0
DA:572,0
DA:573,0
DA:583,0
DA:584,0
DA:585,0
LF:31
LH:0
BRDA:517,0,0,0
BRDA:517,0,1,0
BRDA:524,1,0,0
BRDA:524,1,1,0
BRDA:533,2,0,0
BRDA:534,3,0,0
BRDA:537,4,0,0
BRDA:537,4,1,0
BRDA:545,5,0,0
BRDA:545,5,1,0
BRDA:555,6,0,0
BRDA:558,7,0,0
BRDA:558,7,1,0
BRDA:558,8,0,0
BRDA:558,8,1,0
BRDA:570,9,0,0
BRDA:570,9,1,0
BRDA:577,10,0,0
BRDA:577,10,1,0
BRF:19
BRH:0
end_of_record
TN:
SF:src/config/redis.ts
FN:9,(anonymous_1)
FN:15,(anonymous_2)
FN:19,(anonymous_3)
FNF:3
FNH:0
FNDA:0,(anonymous_1)
FNDA:0,(anonymous_2)
FNDA:0,(anonymous_3)
DA:1,0
DA:2,0
DA:4,0
DA:6,0
DA:10,0
DA:11,0
DA:15,0
DA:16,0
DA:19,0
DA:20,0
DA:23,0
LF:11
LH:0
BRDA:7,0,0,0
BRDA:7,0,1,0
BRDA:8,1,0,0
BRDA:8,1,1,0
BRF:4
BRH:0
end_of_record
TN:
SF:src/middleware/auth.ts
FN:6,(anonymous_1)
FN:46,(anonymous_2)
FNF:2
FNH:0
FNDA:0,(anonymous_1)
FNDA:0,(anonymous_2)
DA:2,0
DA:3,0
DA:6,0
DA:11,0
DA:12,0
DA:13,0
DA:15,0
DA:16,0
DA:19,0
DA:20,0
DA:23,0
DA:28,0
DA:29,0
DA:32,0
DA:34,0
DA:35,0
DA:38,0
DA:39,0
DA:41,0
DA:42,0
DA:46,0
DA:51,0
DA:52,0
DA:53,0
DA:55,0
LF:25
LH:0
BRDA:13,0,0,0
BRDA:13,0,1,0
BRDA:15,1,0,0
BRDA:15,1,1,0
BRDA:19,2,0,0
BRDA:19,2,1,0
BRDA:28,3,0,0
BRDA:28,3,1,0
BRDA:34,4,0,0
BRDA:34,4,1,0
BRDA:52,5,0,0
BRDA:52,5,1,0
BRDA:52,6,0,0
BRDA:52,6,1,0
BRF:14
BRH:0
end_of_record
TN:
SF:src/routes/auth.ts
FN:6,(anonymous_1)
FN:22,(anonymous_2)
FNF:2
FNH:0
FNDA:0,(anonymous_1)
FNDA:0,(anonymous_2)
DA:1,0
DA:2,0
DA:4,0
DA:6,0
DA:7,0
DA:8,0
DA:10,0
DA:11,0
DA:14,0
DA:15,0
DA:17,0
DA:18,0
DA:22,0
DA:23,0
DA:24,0
DA:26,0
DA:27,0
DA:30,0
DA:31,0
DA:33,0
DA:34,0
DA:38,0
LF:22
LH:0
BRDA:10,0,0,0
BRDA:10,0,1,0
BRDA:10,1,0,0
BRDA:10,1,1,0
BRDA:10,1,2,0
BRDA:26,2,0,0
BRDA:26,2,1,0
BRDA:26,3,0,0
BRDA:26,3,1,0
BRF:9
BRH:0
end_of_record
TN:
SF:src/routes/fleet.ts
FN:10,(anonymous_1)
FN:21,(anonymous_2)
FN:56,(anonymous_3)
FNF:3
FNH:0
FNDA:0,(anonymous_1)
FNDA:0,(anonymous_2)
FNDA:0,(anonymous_3)
DA:1,0
DA:2,0
DA:3,0
DA:6,0
DA:8,0
DA:10,0
DA:11,0
DA:12,0
DA:13,0
DA:14,0
DA:16,0
DA:17,0
DA:21,0
DA:22,0
DA:23,0
DA:32,0
DA:34,0
DA:35,0
DA:38,0
DA:49,0
DA:51,0
DA:52,0
DA:56,0
DA:57,0
DA:58,0
DA:59,0
DA:61,0
DA:62,0
DA:64,0
DA:65,0
DA:69,0
LF:31
LH:0
BRDA:34,0,0,0
BRDA:34,0,1,0
BRDA:34,1,0,0
BRDA:34,1,1,0
BRDA:34,1,2,0
BRDA:34,1,3,0
BRDA:34,1,4,0
BRDA:34,1,5,0
BRDA:46,2,0,0
BRDA:46,2,1,0
BRF:10
BRH:0
end_of_record
TN:
SF:src/routes/galaxy.ts
FN:10,(anonymous_1)
FN:33,(anonymous_2)
FNF:2
FNH:0
FNDA:0,(anonymous_1)
FNDA:0,(anonymous_2)
DA:1,0
DA:2,0
DA:3,0
DA:6,0
DA:8,0
DA:10,0
DA:11,0
DA:12,0
DA:13,0
DA:15,0
DA:26,0
DA:28,0
DA:29,0
DA:33,0
DA:34,0
DA:35,0
DA:36,0
DA:38,0
DA:44,0
DA:46,0
DA:47,0
DA:51,0
LF:22
LH:0
BRDA:12,0,0,0
BRDA:12,0,1,0
BRDA:13,1,0,0
BRDA:13,1,1,0
BRDA:35,2,0,0
BRDA:35,2,1,0
BRDA:36,3,0,0
BRDA:36,3,1,0
BRF:8
BRH:0
end_of_record
TN:
SF:src/routes/leaderboard.ts
FN:19,(anonymous_1)
FN:49,(anonymous_2)
FN:79,(anonymous_3)
FN:104,(anonymous_4)
FN:128,(anonymous_5)
FNF:5
FNH:0
FNDA:0,(anonymous_1)
FNDA:0,(anonymous_2)
FNDA:0,(anonymous_3)
FNDA:0,(anonymous_4)
FNDA:0,(anonymous_5)
DA:1,0
DA:2,0
DA:3,0
DA:5,0
DA:6,0
DA:8,0
DA:9,0
DA:12,0
DA:19,0
DA:20,0
DA:21,0
DA:22,0
DA:24,0
DA:26,0
DA:36,0
DA:37,0
DA:49,0
DA:50,0
DA:51,0
DA:52,0
DA:54,0
DA:56,0
DA:66,0
DA:67,0
DA:79,0
DA:80,0
DA:81,0
DA:82,0
DA:84,0
DA:86,0
DA:91,0
DA:92,0
DA:104,0
DA:105,0
DA:106,0
DA:107,0
DA:109,0
DA:111,0
DA:116,0
DA:117,0
DA:128,0
DA:129,0
DA:131,0
DA:132,0
DA:134,0
DA:142,0
DA:143,0
DA:150,0
LF:48
LH:0
BRDA:21,0,0,0
BRDA:21,0,1,0
BRDA:22,1,0,0
BRDA:22,1,1,0
BRDA:51,2,0,0
BRDA:51,2,1,0
BRDA:52,3,0,0
BRDA:52,3,1,0
BRDA:82,4,0,0
BRDA:82,4,1,0
BRDA:107,5,0,0
BRDA:107,5,1,0
BRF:12
BRH:0
end_of_record
TN:
SF:src/routes/messages.ts
FN:18,(anonymous_1)
FN:50,(anonymous_2)
FN:81,(anonymous_3)
FN:105,(anonymous_4)
FN:142,(anonymous_5)
FN:190,(anonymous_6)
FN:222,(anonymous_7)
FN:247,(anonymous_8)
FN:279,(anonymous_9)
FNF:9
FNH:0
FNDA:0,(anonymous_1)
FNDA:0,(anonymous_2)
FNDA:0,(anonymous_3)
FNDA:0,(anonymous_4)
FNDA:0,(anonymous_5)
FNDA:0,(anonymous_6)
FNDA:0,(anonymous_7)
FNDA:0,(anonymous_8)
FNDA:0,(anonymous_9)
DA:1,0
DA:2,0
DA:3,0
DA:5,0
DA:7,0
DA:8,0
DA:11,0
DA:18,0
DA:19,0
DA:20,0
DA:21,0
DA:22,0
DA:23,0
DA:25,0
DA:27,0
DA:37,0
DA:38,0
DA:50,0
DA:51,0
DA:52,0
DA:53,0
DA:54,0
DA:56,0
DA:58,0
DA:68,0
DA:69,0
DA:81,0
DA:82,0
DA:83,0
DA:84,0
DA:86,0
DA:88,0
DA:93,0
DA:94,0
DA:105,0
DA:106,0
DA:107,0
DA:108,0
DA:110,0
DA:112,0
DA:113,0
DA:120,0
DA:121,0
DA:124,0
DA:129,0
DA:130,0
DA:142,0
DA:143,0
DA:144,0
DA:145,0
DA:147,0
DA:148,0
DA:155,0
DA:157,0
DA:158,0
DA:164,0
DA:172,0
DA:178,0
DA:179,0
DA:190,0
DA:191,0
DA:192,0
DA:193,0
DA:195,0
DA:197,0
DA:198,0
DA:204,0
DA:209,0
DA:210,0
DA:222,0
DA:223,0
DA:224,0
DA:225,0
DA:227,0
DA:229,0
DA:235,0
DA:236,0
DA:247,0
DA:248,0
DA:249,0
DA:250,0
DA:252,0
DA:254,0
DA:255,0
DA:261,0
DA:266,0
DA:267,0
DA:279,0
DA:280,0
DA:281,0
DA:282,0
DA:284,0
DA:285,0
DA:292,0
DA:294,0
DA:296,0
DA:297,0
DA:306,0
DA:313,0
DA:319,0
DA:320,0
DA:327,0
LF:102
LH:0
BRDA:21,0,0,0
BRDA:21,0,1,0
BRDA:22,1,0,0
BRDA:22,1,1,0
BRDA:53,2,0,0
BRDA:53,2,1,0
BRDA:54,3,0,0
BRDA:54,3,1,0
BRDA:112,4,0,0
BRDA:112,4,1,0
BRDA:120,5,0,0
BRDA:120,5,1,0
BRDA:120,6,0,0
BRDA:120,6,1,0
BRDA:147,7,0,0
BRDA:147,7,1,0
BRDA:147,8,0,0
BRDA:147,8,1,0
BRDA:147,8,2,0
BRDA:157,9,0,0
BRDA:157,9,1,0
BRDA:197,10,0,0
BRDA:197,10,1,0
BRDA:254,11,0,0
BRDA:254,11,1,0
BRDA:284,12,0,0
BRDA:284,12,1,0
BRDA:284,13,0,0
BRDA:284,13,1,0
BRDA:296,14,0,0
BRDA:296,14,1,0
BRF:31
BRH:0
end_of_record
TN:
SF:src/routes/planets.ts
FN:11,(anonymous_1)
FN:22,(anonymous_2)
FN:47,(anonymous_3)
FN:70,(anonymous_4)
FNF:4
FNH:0
FNDA:0,(anonymous_1)
FNDA:0,(anonymous_2)
FNDA:0,(anonymous_3)
FNDA:0,(anonymous_4)
DA:1,0
DA:2,0
DA:3,0
DA:4,0
DA:7,0
DA:9,0
DA:11,0
DA:12,0
DA:13,0
DA:14,0
DA:15,0
DA:17,0
DA:18,0
DA:22,0
DA:23,0
DA:24,0
DA:25,0
DA:27,0
DA:29,0
DA:30,0
DA:33,0
DA:34,0
DA:36,0
DA:42,0
DA:43,0
DA:47,0
DA:48,0
DA:49,0
DA:50,0
DA:51,0
DA:53,0
DA:54,0
DA:57,0
DA:63,0
DA:65,0
DA:66,0
DA:70,0
DA:71,0
DA:72,0
DA:73,0
DA:75,0
DA:76,0
DA:78,0
DA:79,0
DA:83,0
LF:45
LH:0
BRDA:29,0,0,0
BRDA:29,0,1,0
BRDA:29,1,0,0
BRDA:29,1,1,0
BRDA:53,2,0,0
BRDA:53,2,1,0
BRF:6
BRH:0
end_of_record
TN:
SF:src/routes/research.ts
FN:10,(anonymous_1)
FN:23,(anonymous_2)
FN:45,(anonymous_3)
FNF:3
FNH:0
FNDA:0,(anonymous_1)
FNDA:0,(anonymous_2)
FNDA:0,(anonymous_3)
DA:1,0
DA:2,0
DA:3,0
DA:6,0
DA:8,0
DA:10,0
DA:11,0
DA:12,0
DA:13,0
DA:14,0
DA:16,0
DA:18,0
DA:19,0
DA:23,0
DA:24,0
DA:25,0
DA:26,0
DA:28,0
DA:29,0
DA:32,0
DA:38,0
DA:40,0
DA:41,0
DA:45,0
DA:46,0
DA:47,0
DA:48,0
DA:50,0
DA:51,0
DA:53,0
DA:54,0
DA:58,0
LF:32
LH:0
BRDA:28,0,0,0
BRDA:28,0,1,0
BRDA:28,1,0,0
BRDA:28,1,1,0
BRF:4
BRH:0
end_of_record
TN:
SF:src/routes/shipyard.ts
FN:10,(anonymous_1)
FN:21,(anonymous_2)
FN:45,(anonymous_3)
FNF:3
FNH:0
FNDA:0,(anonymous_1)
FNDA:0,(anonymous_2)
FNDA:0,(anonymous_3)
DA:1,0
DA:2,0
DA:3,0
DA:6,0
DA:8,0
DA:10,0
DA:11,0
DA:12,0
DA:13,0
DA:14,0
DA:16,0
DA:17,0
DA:21,0
DA:22,0
DA:23,0
DA:24,0
DA:25,0
DA:27,0
DA:28,0
DA:31,0
DA:38,0
DA:40,0
DA:41,0
DA:45,0
DA:46,0
DA:47,0
DA:48,0
DA:50,0
DA:51,0
DA:53,0
DA:54,0
DA:58,0
LF:32
LH:0
BRDA:27,0,0,0
BRDA:27,0,1,0
BRDA:27,1,0,0
BRDA:27,1,1,0
BRF:4
BRH:0
end_of_record
TN:
SF:src/routes/shop.ts
FN:16,(anonymous_1)
FN:28,(anonymous_2)
FN:50,(anonymous_3)
FN:91,(anonymous_4)
FN:113,(anonymous_5)
FN:136,(anonymous_6)
FN:160,(anonymous_7)
FNF:7
FNH:0
FNDA:0,(anonymous_1)
FNDA:0,(anonymous_2)
FNDA:0,(anonymous_3)
FNDA:0,(anonymous_4)
FNDA:0,(anonymous_5)
FNDA:0,(anonymous_6)
FNDA:0,(anonymous_7)
DA:1,0
DA:2,0
DA:3,0
DA:5,0
DA:7,0
DA:10,0
DA:11,0
DA:13,0
DA:16,0
DA:17,0
DA:18,0
DA:20,0
DA:28,0
DA:29,0
DA:30,0
DA:32,0
DA:37,0
DA:38,0
DA:50,0
DA:51,0
DA:52,0
DA:53,0
DA:55,0
DA:56,0
DA:62,0
DA:67,0
DA:75,0
DA:76,0
DA:88,0
DA:92,0
DA:93,0
DA:95,0
DA:96,0
DA:99,0
DA:101,0
DA:103,0
DA:104,0
DA:113,0
DA:114,0
DA:115,0
DA:117,0
DA:119,0
DA:124,0
DA:125,0
DA:136,0
DA:137,0
DA:138,0
DA:139,0
DA:141,0
DA:143,0
DA:148,0
DA:149,0
DA:160,0
DA:161,0
DA:163,0
DA:165,0
DA:171,0
DA:172,0
DA:179,0
LF:59
LH:0
BRDA:10,0,0,0
BRDA:10,0,1,0
BRDA:11,1,0,0
BRDA:11,1,1,0
BRDA:17,2,0,0
BRDA:17,2,1,0
BRDA:55,3,0,0
BRDA:55,3,1,0
BRDA:78,4,0,0
BRDA:78,4,1,0
BRDA:95,5,0,0
BRDA:95,5,1,0
BRDA:139,6,0,0
BRDA:139,6,1,0
BRF:14
BRH:0
end_of_record
TN:
SF:src/routes/users.ts
FN:10,(anonymous_1)
FN:31,(anonymous_2)
FNF:2
FNH:0
FNDA:0,(anonymous_1)
FNDA:0,(anonymous_2)
DA:1,0
DA:2,0
DA:3,0
DA:6,0
DA:8,0
DA:10,0
DA:11,0
DA:12,0
DA:13,0
DA:16,0
DA:21,0
DA:26,0
DA:27,0
DA:31,0
DA:32,0
DA:33,0
DA:41,0
DA:43,0
DA:44,0
DA:48,0
LF:20
LH:0
BRDA:23,0,0,0
BRDA:23,0,1,0
BRF:2
BRH:0
end_of_record
TN:
SF:src/services/authService.ts
FN:7,(anonymous_1)
FN:81,(anonymous_2)
FN:119,(anonymous_3)
FN:126,(anonymous_4)
FNF:4
FNH:0
FNDA:0,(anonymous_1)
FNDA:0,(anonymous_2)
FNDA:0,(anonymous_3)
FNDA:0,(anonymous_4)
DA:1,0
DA:2,0
DA:3,0
DA:6,0
DA:13,0
DA:14,0
DA:16,0
DA:17,0
DA:21,0
DA:22,0
DA:24,0
DA:25,0
DA:26,0
DA:29,0
DA:36,0
DA:39,0
DA:45,0
DA:46,0
DA:53,0
DA:59,0
DA:62,0
DA:64,0
DA:66,0
DA:67,0
DA:69,0
DA:70,0
DA:71,0
DA:72,0
DA:75,0
DA:77,0
DA:85,0
DA:90,0
DA:91,0
DA:94,0
DA:96,0
DA:97,0
DA:100,0
DA:101,0
DA:102,0
DA:106,0
DA:111,0
DA:114,0
DA:116,0
DA:120,0
DA:121,0
DA:122,0
DA:123,0
DA:130,0
DA:131,0
DA:132,0
DA:133,0
DA:135,0
DA:140,0
DA:141,0
DA:145,0
LF:55
LH:0
BRDA:13,0,0,0
BRDA:13,0,1,0
BRDA:16,1,0,0
BRDA:16,1,1,0
BRDA:67,2,0,0
BRDA:67,2,1,0
BRDA:69,3,0,0
BRDA:69,3,1,0
BRDA:71,4,0,0
BRDA:71,4,1,0
BRDA:90,5,0,0
BRDA:90,5,1,0
BRDA:96,6,0,0
BRDA:96,6,1,0
BRDA:101,7,0,0
BRDA:101,7,1,0
BRDA:120,8,0,0
BRDA:120,8,1,0
BRDA:121,9,0,0
BRDA:121,9,1,0
BRDA:140,10,0,0
BRDA:140,10,1,0
BRF:22
BRH:0
end_of_record
TN:
SF:src/services/buildingService.ts
FN:10,(anonymous_0)
FN:132,(anonymous_1)
FN:176,(anonymous_2)
FN:191,(anonymous_3)
FN:199,(anonymous_4)
FNF:5
FNH:0
FNDA:0,(anonymous_0)
FNDA:0,(anonymous_1)
FNDA:0,(anonymous_2)
FNDA:0,(anonymous_3)
FNDA:0,(anonymous_4)
DA:1,0
DA:2,0
DA:3,0
DA:9,0
DA:15,0
DA:17,0
DA:18,0
DA:21,0
DA:26,0
DA:27,0
DA:30,0
DA:33,0
DA:34,0
DA:38,0
DA:43,0
DA:44,0
DA:47,0
DA:50,0
DA:51,0
DA:52,0
DA:53,0
DA:54,0
DA:55,0
DA:60,0
DA:61,0
DA:65,0
DA:67,0
DA:68,0
DA:69,0
DA:76,0
DA:79,0
DA:80,0
DA:81,0
DA:83,0
DA:88,0
DA:92,0
DA:100,0
DA:107,0
DA:108,0
DA:110,0
DA:113,0
DA:121,0
DA:123,0
DA:125,0
DA:126,0
DA:128,0
DA:133,0
DA:135,0
DA:136,0
DA:139,0
DA:144,0
DA:145,0
DA:148,0
DA:151,0
DA:152,0
DA:156,0
DA:162,0
DA:167,0
DA:169,0
DA:170,0
DA:172,0
DA:177,0
DA:181,0
DA:182,0
DA:183,0
DA:184,0
DA:186,0
DA:192,0
DA:196,0
DA:203,0
DA:205,0
DA:206,0
DA:208,0
DA:216,0
DA:217,0
DA:220,0
DA:222,0
DA:223,0
DA:227,0
DA:233,0
DA:240,0
DA:245,0
DA:247,0
DA:248,0
DA:250,0
LF:85
LH:0
BRDA:26,0,0,0
BRDA:26,0,1,0
BRDA:33,1,0,0
BRDA:33,1,1,0
BRDA:43,2,0,0
BRDA:43,2,1,0
BRDA:47,3,0,0
BRDA:47,3,1,0
BRDA:51,4,0,0
BRDA:51,4,1,0
BRDA:52,5,0,0
BRDA:52,5,1,0
BRDA:54,6,0,0
BRDA:54,6,1,0
BRDA:54,7,0,0
BRDA:54,7,1,0
BRDA:60,8,0,0
BRDA:60,8,1,0
BRDA:68,9,0,0
BRDA:68,9,1,0
BRDA:68,10,0,0
BRDA:68,10,1,0
BRDA:81,11,0,0
BRDA:81,11,1,0
BRDA:83,12,0,0
BRDA:83,12,1,0
BRDA:84,13,0,0
BRDA:84,13,1,0
BRDA:84,13,2,0
BRDA:103,14,0,0
BRDA:103,14,1,0
BRDA:104,15,0,0
BRDA:104,15,1,0
BRDA:107,16,0,0
BRDA:107,16,1,0
BRDA:144,17,0,0
BRDA:144,17,1,0
BRDA:151,18,0,0
BRDA:151,18,1,0
BRDA:216,19,0,0
BRDA:216,19,1,0
BRDA:222,20,0,0
BRDA:222,20,1,0
BRF:43
BRH:0
end_of_record
TN:
SF:src/services/combatService.ts
FN:25,(anonymous_0)
FN:141,(anonymous_1)
FN:149,(anonymous_2)
FN:191,(anonymous_3)
FN:229,(anonymous_4)
FN:274,(anonymous_5)
FN:285,(anonymous_6)
FN:294,(anonymous_7)
FN:315,(anonymous_8)
FN:322,(anonymous_9)
FN:338,(anonymous_10)
FN:373,(anonymous_11)
FNF:12
FNH:0
FNDA:0,(anonymous_0)
FNDA:0,(anonymous_1)
FNDA:0,(anonymous_2)
FNDA:0,(anonymous_3)
FNDA:0,(anonymous_4)
FNDA:0,(anonymous_5)
FNDA:0,(anonymous_6)
FNDA:0,(anonymous_7)
FNDA:0,(anonymous_8)
FNDA:0,(anonymous_9)
FNDA:0,(anonymous_10)
FNDA:0,(anonymous_11)
DA:1,0
DA:2,0
DA:3,0
DA:24,0
DA:36,0
DA:37,0
DA:38,0
DA:40,0
DA:45,0
DA:50,0
DA:56,0
DA:57,0
DA:59,0
DA:60,0
DA:61,0
DA:64,0
DA:65,0
DA:68,0
DA:69,0
DA:70,0
DA:77,0
DA:82,0
DA:83,0
DA:88,0
DA:89,0
DA:90,0
DA:91,0
DA:93,0
DA:97,0
DA:98,0
DA:104,0
DA:108,0
DA:113,0
DA:114,0
DA:115,0
DA:123,0
DA:127,0
DA:142,0
DA:143,0
DA:144,0
DA:146,0
DA:154,0
DA:156,0
DA:157,0
DA:158,0
DA:159,0
DA:160,0
DA:172,0
DA:173,0
DA:174,0
DA:175,0
DA:176,0
DA:188,0
DA:195,0
DA:203,0
DA:204,0
DA:206,0
DA:207,0
DA:208,0
DA:212,0
DA:215,0
DA:216,0
DA:218,0
DA:219,0
DA:220,0
DA:224,0
DA:226,0
DA:234,0
DA:237,0
DA:238,0
DA:242,0
DA:243,0
DA:244,0
DA:245,0
DA:249,0
DA:250,0
DA:253,0
DA:254,0
DA:255,0
DA:257,0
DA:258,0
DA:259,0
DA:265,0
DA:266,0
DA:267,0
DA:268,0
DA:269,0
DA:275,0
DA:276,0
DA:277,0
DA:278,0
DA:279,0
DA:282,0
DA:286,0
DA:287,0
DA:288,0
DA:289,0
DA:298,0
DA:299,0
DA:301,0
DA:302,0
DA:305,0
DA:306,0
DA:307,0
DA:308,0
DA:312,0
DA:319,0
DA:320,0
DA:322,0
DA:323,0
DA:324,0
DA:325,0
DA:326,0
DA:327,0
DA:332,0
DA:333,0
DA:335,0
DA:343,0
DA:344,0
DA:345,0
DA:346,0
DA:347,0
DA:352,0
DA:359,0
DA:360,0
DA:361,0
DA:364,0
DA:366,0
DA:379,0
DA:404,0
LF:130
LH:0
BRDA:36,0,0,0
BRDA:36,0,1,0
BRDA:60,1,0,0
BRDA:60,1,1,0
BRDA:60,2,0,0
BRDA:60,2,1,0
BRDA:68,3,0,0
BRDA:68,3,1,0
BRDA:73,4,0,0
BRDA:73,4,1,0
BRDA:74,5,0,0
BRDA:74,5,1,0
BRDA:88,6,0,0
BRDA:88,6,1,0
BRDA:88,7,0,0
BRDA:88,7,1,0
BRDA:90,8,0,0
BRDA:90,8,1,0
BRDA:108,9,0,0
BRDA:108,9,1,0
BRDA:113,10,0,0
BRDA:113,10,1,0
BRDA:144,11,0,0
BRDA:144,11,1,0
BRDA:157,12,0,0
BRDA:157,12,1,0
BRDA:157,13,0,0
BRDA:157,13,1,0
BRDA:163,14,0,0
BRDA:163,14,1,0
BRDA:164,15,0,0
BRDA:164,15,1,0
BRDA:165,16,0,0
BRDA:165,16,1,0
BRDA:173,17,0,0
BRDA:173,17,1,0
BRDA:173,18,0,0
BRDA:173,18,1,0
BRDA:179,19,0,0
BRDA:179,19,1,0
BRDA:180,20,0,0
BRDA:180,20,1,0
BRDA:181,21,0,0
BRDA:181,21,1,0
BRDA:204,22,0,0
BRDA:204,22,1,0
BRDA:216,23,0,0
BRDA:216,23,1,0
BRDA:237,24,0,0
BRDA:237,24,1,0
BRDA:242,25,0,0
BRDA:242,25,1,0
BRDA:249,26,0,0
BRDA:249,26,1,0
BRDA:253,27,0,0
BRDA:253,27,1,0
BRDA:255,28,0,0
BRDA:255,28,1,0
BRDA:258,29,0,0
BRDA:258,29,1,0
BRDA:265,30,0,0
BRDA:265,30,1,0
BRDA:265,31,0,0
BRDA:265,31,1,0
BRDA:267,32,0,0
BRDA:267,32,1,0
BRDA:267,33,0,0
BRDA:267,33,1,0
BRDA:277,34,0,0
BRDA:277,34,1,0
BRDA:287,35,0,0
BRDA:287,35,1,0
BRDA:288,36,0,0
BRDA:288,36,1,0
BRDA:302,37,0,0
BRDA:302,37,1,0
BRDA:306,38,0,0
BRDA:306,38,1,0
BRDA:307,39,0,0
BRDA:307,39,1,0
BRDA:324,40,0,0
BRDA:324,40,1,0
BRDA:325,41,0,0
BRDA:325,41,1,0
BRDA:346,42,0,0
BRDA:346,42,1,0
BRDA:360,43,0,0
BRDA:360,43,1,0
BRDA:360,44,0,0
BRDA:360,44,1,0
BRF:90
BRH:0
end_of_record
TN:
SF:src/services/gameLoopService.ts
FN:8,(anonymous_0)
FN:12,(anonymous_1)
FN:21,(anonymous_2)
FN:29,(anonymous_3)
FN:43,(anonymous_4)
FN:70,(anonymous_5)
FN:97,(anonymous_6)
FN:126,(anonymous_7)
FNF:8
FNH:0
FNDA:0,(anonymous_0)
FNDA:0,(anonymous_1)
FNDA:0,(anonymous_2)
FNDA:0,(anonymous_3)
FNDA:0,(anonymous_4)
FNDA:0,(anonymous_5)
FNDA:0,(anonymous_6)
FNDA:0,(anonymous_7)
DA:1,0
DA:2,0
DA:3,0
DA:5,0
DA:6,0
DA:9,0
DA:12,0
DA:13,0
DA:14,0
DA:16,0
DA:22,0
DA:23,0
DA:24,0
DA:25,0
DA:31,0
DA:34,0
DA:37,0
DA:40,0
DA:44,0
DA:48,0
DA:49,0
DA:50,0
DA:53,0
DA:59,0
DA:61,0
DA:62,0
DA:64,0
DA:65,0
DA:71,0
DA:75,0
DA:76,0
DA:77,0
DA:80,0
DA:86,0
DA:88,0
DA:89,0
DA:91,0
DA:92,0
DA:98,0
DA:102,0
DA:103,0
DA:104,0
DA:105,0
DA:107,0
DA:112,0
DA:116,0
DA:117,0
DA:118,0
DA:119,0
DA:121,0
DA:127,0
DA:129,0
DA:131,0
DA:132,0
DA:133,0
DA:140,0
DA:148,0
DA:150,0
DA:152,0
DA:153,0
LF:60
LH:0
BRDA:22,0,0,0
BRDA:22,0,1,0
BRF:2
BRH:0
end_of_record
TN:
SF:src/services/leaderboardService.ts
FN:57,(anonymous_0)
FN:76,(anonymous_1)
FN:132,(anonymous_2)
FN:167,(anonymous_3)
FN:195,(anonymous_4)
FN:216,(anonymous_5)
FN:245,(anonymous_6)
FN:246,(anonymous_7)
FN:262,(anonymous_8)
FN:286,(anonymous_9)
FN:287,(anonymous_10)
FN:309,(anonymous_11)
FN:365,(anonymous_12)
FN:418,(anonymous_13)
FN:460,(anonymous_14)
FN:527,(anonymous_15)
FNF:16
FNH:16
FNDA:11,(anonymous_0)
FNDA:3,(anonymous_1)
FNDA:2,(anonymous_2)
FNDA:2,(anonymous_3)
FNDA:2,(anonymous_4)
FNDA:2,(anonymous_5)
FNDA:2,(anonymous_6)
FNDA:24,(anonymous_7)
FNDA:2,(anonymous_8)
FNDA:2,(anonymous_9)
FNDA:16,(anonymous_10)
FNDA:2,(anonymous_11)
FNDA:3,(anonymous_12)
FNDA:1,(anonymous_13)
FNDA:1,(anonymous_14)
FNDA:1,(anonymous_15)
DA:44,1
DA:47,11
DA:48,11
DA:49,11
DA:58,11
DA:59,11
DA:77,3
DA:79,3
DA:87,3
DA:88,1
DA:91,2
DA:94,2
DA:97,2
DA:100,2
DA:103,2
DA:106,2
DA:108,2
DA:120,1
DA:121,1
DA:133,2
DA:156,2
DA:157,2
DA:168,2
DA:174,2
DA:175,2
DA:178,2
DA:195,2
DA:196,2
DA:197,2
DA:198,2
DA:200,2
DA:202,2
DA:206,2
DA:217,2
DA:226,2
DA:227,2
DA:230,2
DA:245,2
DA:246,2
DA:247,24
DA:248,24
DA:252,2
DA:263,2
DA:271,2
DA:272,2
DA:275,2
DA:286,2
DA:287,2
DA:288,16
DA:289,16
DA:293,2
DA:310,2
DA:312,2
DA:316,2
DA:319,2
DA:322,2
DA:323,5
DA:324,5
DA:325,4
DA:336,1
DA:341,2
DA:343,2
DA:345,2
DA:347,0
DA:348,0
DA:366,3
DA:368,3
DA:370,3
DA:372,1
DA:376,3
DA:383,3
DA:385,3
DA:386,3
DA:387,3
DA:389,3
DA:400,3
DA:402,0
DA:403,0
DA:422,1
DA:423,1
DA:426,1
DA:436,1
DA:439,1
DA:440,1
DA:442,1
DA:444,1
DA:449,0
DA:450,0
DA:461,1
DA:462,1
DA:474,1
DA:475,1
DA:477,1
DA:479,2
DA:484,2
DA:485,2
DA:486,5
DA:487,5
DA:488,5
DA:490,0
DA:494,2
DA:496,2
DA:510,1
DA:511,1
DA:513,1
DA:515,0
DA:516,0
DA:528,1
DA:529,1
DA:531,1
DA:532,0
DA:535,1
DA:542,1
DA:544,1
DA:545,1
DA:546,1
DA:548,1
DA:555,1
DA:557,0
DA:558,0
LF:120
LH:108
BRDA:87,0,0,1
BRDA:87,0,1,2
BRDA:157,1,0,2
BRDA:157,1,1,0
BRDA:197,2,0,2
BRDA:197,2,1,0
BRDA:247,3,0,24
BRDA:247,3,1,21
BRDA:288,4,0,16
BRDA:288,4,1,14
BRDA:365,5,0,0
BRDA:365,6,0,0
BRDA:370,7,0,1
BRDA:370,7,1,2
BRDA:420,8,0,0
BRDA:436,9,0,1
BRDA:436,9,1,0
BRDA:439,10,0,1
BRDA:439,10,1,0
BRDA:440,11,0,1
BRDA:440,11,1,0
BRDA:494,12,0,2
BRDA:494,12,1,0
BRDA:527,13,0,0
BRDA:527,14,0,0
BRDA:531,15,0,0
BRDA:531,15,1,1
BRF:27
BRH:15
end_of_record
TN:
SF:src/services/messagingService.ts
FN:6,(anonymous_0)
FN:64,(anonymous_1)
FN:84,(anonymous_2)
FN:131,(anonymous_3)
FN:161,(anonymous_4)
FN:176,(anonymous_5)
FN:197,(anonymous_6)
FN:211,(anonymous_7)
FN:244,(anonymous_8)
FN:269,(anonymous_9)
FN:297,(anonymous_10)
FN:321,(anonymous_11)
FN:348,(anonymous_12)
FN:389,(anonymous_13)
FN:430,(anonymous_14)
FN:460,(anonymous_15)
FN:501,(anonymous_16)
FNF:17
FNH:17
FNDA:1,(anonymous_0)
FNDA:24,(anonymous_1)
FNDA:4,(anonymous_2)
FNDA:3,(anonymous_3)
FNDA:2,(anonymous_4)
FNDA:1,(anonymous_5)
FNDA:1,(anonymous_6)
FNDA:3,(anonymous_7)
FNDA:2,(anonymous_8)
FNDA:2,(anonymous_9)
FNDA:2,(anonymous_10)
FNDA:2,(anonymous_11)
FNDA:1,(anonymous_12)
FNDA:2,(anonymous_13)
FNDA:1,(anonymous_14)
FNDA:1,(anonymous_15)
FNDA:7,(anonymous_16)
DA:6,1
DA:7,1
DA:8,1
DA:9,1
DA:10,1
DA:11,1
DA:12,1
DA:56,1
DA:65,24
DA:85,4
DA:87,4
DA:88,4
DA:90,4
DA:96,4
DA:105,4
DA:107,3
DA:109,3
DA:111,1
DA:112,1
DA:113,1
DA:115,4
DA:137,3
DA:138,3
DA:149,3
DA:151,3
DA:152,1
DA:153,1
DA:156,3
DA:157,3
DA:159,3
DA:161,3
DA:163,0
DA:164,0
DA:181,1
DA:182,1
DA:195,1
DA:197,1
DA:199,0
DA:200,0
DA:212,3
DA:213,3
DA:224,3
DA:226,3
DA:227,2
DA:230,1
DA:232,0
DA:233,0
DA:245,2
DA:246,2
DA:253,2
DA:255,2
DA:257,0
DA:258,0
DA:270,2
DA:271,2
DA:272,2
DA:274,2
DA:275,1
DA:276,1
DA:279,2
DA:281,2
DA:283,2
DA:285,0
DA:286,0
DA:298,2
DA:299,2
DA:305,2
DA:307,2
DA:309,0
DA:310,0
DA:322,2
DA:323,2
DA:324,2
DA:326,2
DA:327,1
DA:328,1
DA:331,2
DA:333,2
DA:335,0
DA:336,0
DA:349,1
DA:351,1
DA:364,1
DA:376,0
DA:377,0
DA:394,2
DA:395,2
DA:405,2
DA:406,1
DA:416,0
DA:417,0
DA:436,1
DA:437,1
DA:446,0
DA:447,0
DA:466,1
DA:468,1
DA:473,1
DA:475,1
DA:476,3
DA:484,3
DA:487,1
DA:489,0
DA:490,0
DA:502,7
LF:105
LH:83
BRDA:6,0,0,1
BRDA:6,0,1,1
BRDA:97,1,0,4
BRDA:97,1,1,2
BRDA:102,2,0,1
BRDA:102,2,1,3
BRDA:133,3,0,0
BRDA:134,4,0,0
BRDA:151,5,0,1
BRDA:151,5,1,2
BRDA:178,6,0,0
BRDA:179,7,0,0
BRDA:226,8,0,2
BRDA:226,8,1,1
BRDA:274,9,0,1
BRDA:274,9,1,1
BRDA:326,10,0,1
BRDA:326,10,1,1
BRDA:405,11,0,1
BRDA:405,11,1,1
BRDA:513,12,0,1
BRDA:513,12,1,6
BRF:22
BRH:18
end_of_record
TN:
SF:src/services/millisecondCombatTracker.ts
FN:40,(anonymous_0)
FN:49,(anonymous_1)
FN:57,(anonymous_2)
FN:64,(anonymous_3)
FN:117,(anonymous_4)
FN:138,(anonymous_5)
FN:155,(anonymous_6)
FN:185,(anonymous_7)
FN:198,(anonymous_8)
FN:240,(anonymous_9)
FN:284,(anonymous_10)
FN:323,(anonymous_11)
FN:370,(anonymous_12)
FN:382,(anonymous_13)
FN:391,(anonymous_14)
FN:392,(anonymous_15)
FN:400,(anonymous_16)
FN:438,(anonymous_17)
FN:450,(anonymous_18)
FNF:19
FNH:0
FNDA:0,(anonymous_0)
FNDA:0,(anonymous_1)
FNDA:0,(anonymous_2)
FNDA:0,(anonymous_3)
FNDA:0,(anonymous_4)
FNDA:0,(anonymous_5)
FNDA:0,(anonymous_6)
FNDA:0,(anonymous_7)
FNDA:0,(anonymous_8)
FNDA:0,(anonymous_9)
FNDA:0,(anonymous_10)
FNDA:0,(anonymous_11)
FNDA:0,(anonymous_12)
FNDA:0,(anonymous_13)
FNDA:0,(anonymous_14)
FNDA:0,(anonymous_15)
FNDA:0,(anonymous_16)
FNDA:0,(anonymous_17)
FNDA:0,(anonymous_18)
DA:16,0
DA:35,0
DA:37,0
DA:38,0
DA:41,0
DA:42,0
DA:50,0
DA:51,0
DA:58,0
DA:71,0
DA:73,0
DA:86,0
DA:96,0
DA:110,0
DA:123,0
DA:126,0
DA:129,0
DA:131,0
DA:132,0
DA:142,0
DA:143,0
DA:144,0
DA:145,0
DA:147,0
DA:160,0
DA:161,0
DA:163,0
DA:179,0
DA:185,0
DA:202,0
DA:205,0
DA:214,0
DA:219,0
DA:222,0
DA:234,0
DA:245,0
DA:247,0
DA:259,0
DA:269,0
DA:289,0
DA:291,0
DA:301,0
DA:308,0
DA:324,0
DA:347,0
DA:349,0
DA:350,0
DA:353,0
DA:355,0
DA:371,0
DA:374,0
DA:375,0
DA:383,0
DA:384,0
DA:385,0
DA:392,0
DA:393,0
DA:401,0
DA:402,0
DA:405,0
DA:406,0
DA:408,0
DA:409,0
DA:419,0
DA:420,0
DA:429,0
DA:431,0
DA:439,0
DA:440,0
DA:441,0
DA:443,0
DA:454,0
DA:455,0
DA:457,0
DA:465,0
LF:75
LH:0
BRDA:121,0,0,0
BRDA:142,1,0,0
BRDA:142,1,1,0
BRDA:144,2,0,0
BRDA:144,2,1,0
BRDA:349,3,0,0
BRDA:349,3,1,0
BRDA:359,4,0,0
BRDA:359,4,1,0
BRDA:360,5,0,0
BRDA:360,5,1,0
BRDA:363,6,0,0
BRDA:363,6,1,0
BRDA:374,7,0,0
BRDA:374,7,1,0
BRDA:401,8,0,0
BRDA:401,8,1,0
BRDA:439,9,0,0
BRDA:439,9,1,0
BRF:19
BRH:0
end_of_record
TN:
SF:src/services/planetService.ts
FN:12,(anonymous_0)
FN:20,(anonymous_1)
FN:28,(anonymous_2)
FN:91,(anonymous_3)
FN:128,(anonymous_4)
FN:140,(anonymous_5)
FN:152,(anonymous_6)
FN:164,(anonymous_7)
FNF:8
FNH:0
FNDA:0,(anonymous_0)
FNDA:0,(anonymous_1)
FNDA:0,(anonymous_2)
FNDA:0,(anonymous_3)
FNDA:0,(anonymous_4)
FNDA:0,(anonymous_5)
FNDA:0,(anonymous_6)
FNDA:0,(anonymous_7)
DA:1,0
DA:3,0
DA:11,0
DA:13,0
DA:17,0
DA:21,0
DA:25,0
DA:29,0
DA:30,0
DA:32,0
DA:33,0
DA:34,0
DA:36,0
DA:38,0
DA:40,0
DA:45,0
DA:50,0
DA:57,0
DA:58,0
DA:59,0
DA:62,0
DA:66,0
DA:70,0
DA:75,0
DA:82,0
DA:83,0
DA:84,0
DA:85,0
DA:88,0
DA:97,0
DA:99,0
DA:100,0
DA:101,0
DA:107,0
DA:108,0
DA:114,0
DA:116,0
DA:120,0
DA:132,0
DA:133,0
DA:144,0
DA:156,0
DA:169,0
DA:173,0
LF:44
LH:0
BRDA:25,0,0,0
BRDA:25,0,1,0
BRDA:30,1,0,0
BRDA:30,1,1,0
BRDA:36,2,0,0
BRDA:36,2,1,0
BRDA:38,3,0,0
BRDA:38,3,1,0
BRDA:97,4,0,0
BRDA:97,4,1,0
BRDA:134,5,0,0
BRDA:134,5,1,0
BRDA:134,5,2,0
BRDA:173,6,0,0
BRDA:173,6,1,0
BRF:15
BRH:0
end_of_record
TN:
SF:src/services/researchService.ts
FN:6,(anonymous_0)
FN:127,(anonymous_1)
FN:135,(anonymous_2)
FN:143,(anonymous_3)
FNF:4
FNH:0
FNDA:0,(anonymous_0)
FNDA:0,(anonymous_1)
FNDA:0,(anonymous_2)
FNDA:0,(anonymous_3)
DA:1,0
DA:2,0
DA:3,0
DA:5,0
DA:11,0
DA:13,0
DA:14,0
DA:17,0
DA:22,0
DA:23,0
DA:27,0
DA:32,0
DA:33,0
DA:36,0
DA:38,0
DA:39,0
DA:43,0
DA:48,0
DA:49,0
DA:52,0
DA:53,0
DA:54,0
DA:57,0
DA:58,0
DA:59,0
DA:60,0
DA:61,0
DA:66,0
DA:67,0
DA:68,0
DA:69,0
DA:76,0
DA:79,0
DA:80,0
DA:81,0
DA:83,0
DA:88,0
DA:92,0
DA:100,0
DA:101,0
DA:102,0
DA:103,0
DA:105,0
DA:108,0
DA:116,0
DA:118,0
DA:120,0
DA:121,0
DA:123,0
DA:128,0
DA:132,0
DA:136,0
DA:140,0
DA:144,0
DA:146,0
DA:147,0
DA:149,0
DA:154,0
DA:155,0
DA:158,0
DA:161,0
DA:167,0
DA:174,0
DA:176,0
DA:178,0
DA:179,0
DA:181,0
LF:67
LH:0
BRDA:22,0,0,0
BRDA:22,0,1,0
BRDA:32,1,0,0
BRDA:32,1,1,0
BRDA:38,2,0,0
BRDA:38,2,1,0
BRDA:48,3,0,0
BRDA:48,3,1,0
BRDA:49,4,0,0
BRDA:49,4,1,0
BRDA:53,5,0,0
BRDA:53,5,1,0
BRDA:57,6,0,0
BRDA:57,6,1,0
BRDA:58,7,0,0
BRDA:58,7,1,0
BRDA:60,8,0,0
BRDA:60,8,1,0
BRDA:60,9,0,0
BRDA:60,9,1,0
BRDA:66,10,0,0
BRDA:66,10,1,0
BRDA:68,11,0,0
BRDA:68,11,1,0
BRDA:68,12,0,0
BRDA:68,12,1,0
BRDA:81,13,0,0
BRDA:81,13,1,0
BRDA:83,14,0,0
BRDA:83,14,1,0
BRDA:84,15,0,0
BRDA:84,15,1,0
BRDA:84,15,2,0
BRDA:100,16,0,0
BRDA:100,16,1,0
BRDA:101,17,0,0
BRDA:101,17,1,0
BRDA:132,18,0,0
BRDA:132,18,1,0
BRDA:154,19,0,0
BRDA:154,19,1,0
BRF:41
BRH:0
end_of_record
TN:
SF:src/services/shipyardService.ts
FN:6,(anonymous_0)
FN:104,(anonymous_1)
FN:112,(anonymous_2)
FNF:3
FNH:0
FNDA:0,(anonymous_0)
FNDA:0,(anonymous_1)
FNDA:0,(anonymous_2)
DA:1,0
DA:2,0
DA:3,0
DA:5,0
DA:12,0
DA:14,0
DA:15,0
DA:18,0
DA:23,0
DA:24,0
DA:27,0
DA:30,0
DA:31,0
DA:35,0
DA:36,0
DA:37,0
DA:41,0
DA:48,0
DA:49,0
DA:50,0
DA:52,0
DA:57,0
DA:61,0
DA:69,0
DA:70,0
DA:71,0
DA:73,0
DA:74,0
DA:76,0
DA:77,0
DA:80,0
DA:82,0
DA:85,0
DA:93,0
DA:95,0
DA:97,0
DA:98,0
DA:100,0
DA:105,0
DA:109,0
DA:113,0
DA:115,0
DA:116,0
DA:118,0
DA:126,0
DA:127,0
DA:130,0
DA:132,0
DA:133,0
DA:137,0
DA:143,0
DA:150,0
DA:152,0
DA:154,0
DA:155,0
DA:157,0
LF:56
LH:0
BRDA:23,0,0,0
BRDA:23,0,1,0
BRDA:30,1,0,0
BRDA:30,1,1,0
BRDA:35,2,0,0
BRDA:35,2,1,0
BRDA:36,3,0,0
BRDA:36,3,1,0
BRDA:50,4,0,0
BRDA:50,4,1,0
BRDA:52,5,0,0
BRDA:52,5,1,0
BRDA:53,6,0,0
BRDA:53,6,1,0
BRDA:53,6,2,0
BRDA:69,7,0,0
BRDA:69,7,1,0
BRDA:70,8,0,0
BRDA:70,8,1,0
BRDA:71,9,0,0
BRDA:71,9,1,0
BRDA:76,10,0,0
BRDA:76,10,1,0
BRDA:126,11,0,0
BRDA:126,11,1,0
BRDA:132,12,0,0
BRDA:132,12,1,0
BRF:27
BRH:0
end_of_record
TN:
SF:src/services/shopService.ts
FN:7,(anonymous_1)
FN:17,(anonymous_2)
FN:28,(anonymous_3)
FN:232,(anonymous_4)
FN:249,(anonymous_5)
FN:259,(anonymous_6)
FN:260,(anonymous_7)
FN:275,(anonymous_8)
FN:335,(anonymous_9)
FN:364,(anonymous_10)
FN:452,(anonymous_11)
FN:469,(anonymous_12)
FN:513,(anonymous_13)
FN:540,(anonymous_14)
FN:548,(anonymous_15)
FN:565,(anonymous_16)
FN:574,(anonymous_17)
FN:592,(anonymous_18)
FNF:18
FNH:0
FNDA:0,(anonymous_1)
FNDA:0,(anonymous_2)
FNDA:0,(anonymous_3)
FNDA:0,(anonymous_4)
FNDA:0,(anonymous_5)
FNDA:0,(anonymous_6)
FNDA:0,(anonymous_7)
FNDA:0,(anonymous_8)
FNDA:0,(anonymous_9)
FNDA:0,(anonymous_10)
FNDA:0,(anonymous_11)
FNDA:0,(anonymous_12)
FNDA:0,(anonymous_13)
FNDA:0,(anonymous_14)
FNDA:0,(anonymous_15)
FNDA:0,(anonymous_16)
FNDA:0,(anonymous_17)
FNDA:0,(anonymous_18)
DA:2,0
DA:7,0
DA:8,0
DA:9,0
DA:10,0
DA:11,0
DA:17,0
DA:18,0
DA:19,0
DA:20,0
DA:21,0
DA:22,0
DA:28,0
DA:29,0
DA:30,0
DA:31,0
DA:32,0
DA:87,0
DA:95,0
DA:233,0
DA:234,0
DA:237,0
DA:250,0
DA:260,0
DA:279,0
DA:281,0
DA:282,0
DA:285,0
DA:287,0
DA:299,0
DA:305,0
DA:310,0
DA:311,0
DA:338,0
DA:339,0
DA:341,0
DA:345,0
DA:346,0
DA:347,0
DA:351,0
DA:352,0
DA:353,0
DA:365,0
DA:367,0
DA:368,0
DA:371,0
DA:376,0
DA:377,0
DA:378,0
DA:379,0
DA:382,0
DA:383,0
DA:385,0
DA:386,0
DA:390,0
DA:392,0
DA:396,0
DA:400,0
DA:401,0
DA:416,0
DA:419,0
DA:420,0
DA:423,0
DA:424,0
DA:428,0
DA:433,0
DA:435,0
DA:437,0
DA:438,0
DA:439,0
DA:441,0
DA:453,0
DA:475,0
DA:476,0
DA:479,0
DA:485,0
DA:487,0
DA:495,0
DA:519,0
DA:520,0
DA:523,0
DA:541,0
DA:548,0
DA:566,0
DA:574,0
DA:593,0
DA:600,0
LF:87
LH:0
BRDA:7,0,0,0
BRDA:7,0,1,0
BRDA:17,1,0,0
BRDA:17,1,1,0
BRDA:28,2,0,0
BRDA:28,2,1,0
BRDA:281,3,0,0
BRDA:281,3,1,0
BRDA:345,4,0,0
BRDA:345,4,1,0
BRDA:351,5,0,0
BRDA:351,5,1,0
BRDA:376,6,0,0
BRDA:376,6,1,0
BRDA:385,7,0,0
BRDA:385,7,1,0
BRDA:390,8,0,0
BRDA:390,8,1,0
BRDA:390,8,2,0
BRDA:390,8,3,0
BRDA:400,9,0,0
BRDA:400,9,1,0
BRDA:409,10,0,0
BRDA:409,10,1,0
BRDA:410,11,0,0
BRDA:410,11,1,0
BRDA:411,12,0,0
BRDA:411,12,1,0
BRDA:485,13,0,0
BRDA:485,13,1,0
BRDA:565,14,0,0
BRDA:583,15,0,0
BRDA:583,15,1,0
BRF:33
BRH:0
end_of_record
TN:
SF:src/socket/index.ts
FN:7,initializeSocket
FN:16,(anonymous_2)
FN:45,(anonymous_3)
FN:58,(anonymous_4)
FN:63,(anonymous_5)
FN:68,(anonymous_6)
FN:72,(anonymous_7)
FN:100,(anonymous_8)
FN:110,emitToUser
FN:120,emitToPlanet
FNF:10
FNH:0
FNDA:0,initializeSocket
FNDA:0,(anonymous_2)
FNDA:0,(anonymous_3)
FNDA:0,(anonymous_4)
FNDA:0,(anonymous_5)
FNDA:0,(anonymous_6)
FNDA:0,(anonymous_7)
FNDA:0,(anonymous_8)
FNDA:0,emitToUser
FNDA:0,emitToPlanet
DA:1,0
DA:3,0
DA:4,0
DA:5,0
DA:7,0
DA:8,0
DA:16,0
DA:17,0
DA:18,0
DA:20,0
DA:21,0
DA:24,0
DA:25,0
DA:27,0
DA:32,0
DA:33,0
DA:36,0
DA:37,0
DA:39,0
DA:41,0
DA:45,0
DA:46,0
DA:47,0
DA:49,0
DA:52,0
DA:55,0
DA:58,0
DA:59,0
DA:60,0
DA:63,0
DA:64,0
DA:68,0
DA:69,0
DA:72,0
DA:73,0
DA:75,0
DA:80,0
DA:82,0
DA:88,0
DA:95,0
DA:100,0
DA:101,0
DA:102,0
DA:106,0
DA:110,0
DA:116,0
DA:120,0
DA:126,0
LF:48
LH:0
BRDA:20,0,0,0
BRDA:20,0,1,0
BRDA:24,1,0,0
BRDA:24,1,1,0
BRDA:32,2,0,0
BRDA:32,2,1,0
BRDA:32,3,0,0
BRDA:32,3,1,0
BRDA:80,4,0,0
BRDA:80,4,1,0
BRF:10
BRH:0
end_of_record
